<?xml version="1.0" encoding="UTF-8" standalone="no"?>
<testsuite failures="1" name="cucumber.runtime.formatter.JUnitFormatter" skipped="0" tests="1" time="0">
    <testcase classname="Free CRM, Login Feature" name="Free CRM Login Test Scenario" time="0">
        <failure message="The scenario has pending or undefined step(s)"><![CDATA[Given User is already on Login Page.........................................undefined
When title of oddoo Website.................................................undefined
Then user enters "kainthhardeep276@gmail.com" and "Automation123"...........undefined
Then user is on home page...................................................undefined
]]></failure>
    </testcase>
</testsuite>
